=====  argc = 3  =====
 argc[0] = ./CrystalEye
 argc[1] = ../macros/background/protonSAA_pow.mac
 argc[2] = protonSAA_pow_3
==========================

===>  Seed = 1700164238  <===

--------- Ranecu engine status ---------
 Initial seed (index) = 138
 Current couple of seeds = 1137073575, 1917939632
----------------------------------------

*************************************************************
 Geant4 version Name: geant4-10-02-patch-03    (27-January-2017)
                      Copyright : Geant4 Collaboration
                      Reference : NIM A 506 (2003), 250-303
                            WWW : http://cern.ch/geant4
*************************************************************

Visualization Manager instantiating with verbosity "warnings (3)"...
Visualization Manager initialising...
Registering graphics systems...

You have successfully registered the following graphics systems.
Current available graphics systems are:
ASCIITree (ATree)
DAWNFILE (DAWNFILE)
G4HepRep (HepRepXML)
G4HepRepFile (HepRepFile)
RayTracer (RayTracer)
VRML1FILE (VRML1FILE)
VRML2FILE (VRML2FILE)
gMocrenFile (gMocrenFile)
OpenGLImmediateQt (OGLIQt, OGLI)
OpenGLStoredQt (OGLSQt, OGL, OGLS)
OpenGLImmediateX (OGLIX, OGLIQt_FALLBACK)
OpenGLStoredX (OGLSX, OGLSQt_FALLBACK)

Registering model factories...

You have successfully registered the following model factories.
Registered model factories:
  generic
  drawByCharge
  drawByParticleID
  drawByOriginVolume
  drawByAttribute

Registered filter factories:
  chargeFilter
  particleFilter
  originVolumeFilter
  attributeFilter

You have successfully registered the following user vis actions.
Run Duration User Vis Actions: none
End of Event User Vis Actions: none
End of Run User Vis Actions: none

Some /vis commands (optionally) take a string to specify colour.
Available colours:
  black, blue, brown, cyan, gray, green, grey, magenta, red, white, yellow

  
@@@@@  ACDThickness = 5mm  fBkgTimeUp = 8.64e+15ns  fBkgTimeDown = 3e+10ns  fThresholdTime = 50000ns  @@@@@@@

>>> PhysicsList:: G4DecayPhysics is activated! <<<
>>> PhysicsList:: G4EmStandardPhysics_option3 is activated! <<<
>>> PhysicsList:: G4HadronElasticPhysicsHP is activated! <<<
>>> PhysicsList:: G4HadronPhysicsQGSP_BIC_HP is activated! <<<
>>> PhysicsList:: G4IonBinaryCascadePhysics is activated! <<<
>>> PhysicsList:: G4RadioactiveDecayPhysics is activated! <<<
### G4EmConfigurator::AddModels n= 0
/Users/aleksejsmirnov/Software/Geant4/install/share/Geant4-10.2.3/data/G4NDL4.5
@@@ G4ParticleHPInelastic instantiated for particle neutron data directory variable is G4NEUTRONHPDATA pointing to /Users/aleksejsmirnov/Software/Geant4/install/share/Geant4-10.2.3/data/G4NDL4.5/Inelastic
@@@ G4ParticleHPInelasticData instantiated for particle neutron data directory variable is G4NEUTRONHPDATA pointing to /Users/aleksejsmirnov/Software/Geant4/install/share/Geant4-10.2.3/data/G4NDL4.5
NeutronHP: /Capture file for Z = 8, A = 18 is not found and NeutronHP will use /Users/aleksejsmirnov/Software/Geant4/install/share/Geant4-10.2.3/data/G4NDL4.5/Capture/CrossSection/8_17_Oxygen
NeutronHP: /Elastic file for Z = 8, A = 18 is not found and NeutronHP will use /Users/aleksejsmirnov/Software/Geant4/install/share/Geant4-10.2.3/data/G4NDL4.5/Elastic/CrossSection/8_17_Oxygen
NeutronHP: /Inelastic file for Z = 8, A = 18 is not found and NeutronHP will use /Users/aleksejsmirnov/Software/Geant4/install/share/Geant4-10.2.3/data/G4NDL4.5/Inelastic/CrossSection/8_17_Oxygen
NeutronHP: /Capture file for Z = 6, A = 12 is not found and NeutronHP will use /Users/aleksejsmirnov/Software/Geant4/install/share/Geant4-10.2.3/data/G4NDL4.5/Capture/CrossSection/6_nat_Carbon
NeutronHP: /Elastic file for Z = 6, A = 12 is not found and NeutronHP will use /Users/aleksejsmirnov/Software/Geant4/install/share/Geant4-10.2.3/data/G4NDL4.5/Elastic/CrossSection/6_nat_Carbon
NeutronHP: /Inelastic file for Z = 6, A = 12 is not found and NeutronHP will use /Users/aleksejsmirnov/Software/Geant4/install/share/Geant4-10.2.3/data/G4NDL4.5/Inelastic/CrossSection/6_nat_Carbon
NeutronHP: /Capture file for Z = 6, A = 13 is not found and NeutronHP will use /Users/aleksejsmirnov/Software/Geant4/install/share/Geant4-10.2.3/data/G4NDL4.5/Capture/CrossSection/6_nat_Carbon
NeutronHP: /Elastic file for Z = 6, A = 13 is not found and NeutronHP will use /Users/aleksejsmirnov/Software/Geant4/install/share/Geant4-10.2.3/data/G4NDL4.5/Elastic/CrossSection/6_nat_Carbon
NeutronHP: /Inelastic file for Z = 6, A = 13 is not found and NeutronHP will use /Users/aleksejsmirnov/Software/Geant4/install/share/Geant4-10.2.3/data/G4NDL4.5/Inelastic/CrossSection/6_nat_Carbon
PhysicsList::SetCuts:CutLength : 100 um 

### ===  Deexcitation model UAtomDeexcitation is activated for 1 region:
          DefaultRegionForTheWorld

phot:   for  gamma    SubType= 12  BuildTable= 0
      LambdaPrime table from 200 keV to 10 TeV in 154 bins 
      ===== EM models for the G4Region  DefaultRegionForTheWorld ======
 LivermorePhElectric :  Emin=        0 eV    Emax=       10 TeV   AngularGenSauterGavrila  FluoActive

compt:   for  gamma    SubType= 13  BuildTable= 1
      Lambda table from 10 eV  to 1 MeV, 20 bins per decade, spline: 1
      LambdaPrime table from 1 MeV to 10 TeV in 140 bins 
      ===== EM models for the G4Region  DefaultRegionForTheWorld ======
        KleinNishina :  Emin=        0 eV    Emax=       10 TeV  FluoActive

conv:   for  gamma    SubType= 14  BuildTable= 1
      Lambda table from 1.022 MeV to 10 TeV, 20 bins per decade, spline: 1
      ===== EM models for the G4Region  DefaultRegionForTheWorld ======
        BetheHeitler :  Emin=        0 eV    Emax=       80 GeV
     BetheHeitlerLPM :  Emin=       80 GeV   Emax=       10 TeV

Rayl:   for  gamma    SubType= 11  BuildTable= 1
      Lambda table from 10 eV  to 100 keV, 20 bins per decade, spline: 0
      LambdaPrime table from 100 keV to 10 TeV in 160 bins 
      ===== EM models for the G4Region  DefaultRegionForTheWorld ======
   LivermoreRayleigh :  Emin=        0 eV    Emax=       10 TeV   CullenGenerator

msc:   for e-    SubType= 10
      RangeFactor= 0.04, stepLimitType: 3, latDisplacement: 1, skin= 1, geomFactor= 2.5
      ===== EM models for the G4Region  DefaultRegionForTheWorld ======
            UrbanMsc :  Emin=        0 eV    Emax=       10 TeV  Table with 220 bins Emin=    100 eV    Emax=     10 TeV

eIoni:   for  e-    SubType= 2
      dE/dx and range tables from 10 eV  to 10 TeV in 240 bins
      Lambda tables from threshold to 10 TeV, 20 bins per decade, spline: 1
      finalRange(mm)= 0.1, dRoverRange= 0.2, integral: 1, fluct: 1, linLossLimit= 0.01
      ===== EM models for the G4Region  DefaultRegionForTheWorld ======
        MollerBhabha :  Emin=        0 eV    Emax=       10 TeV

eBrem:   for  e-    SubType= 3
      dE/dx and range tables from 10 eV  to 10 TeV in 240 bins
      Lambda tables from threshold to 10 TeV, 20 bins per decade, spline: 1
      LPM flag: 1 for E > 1 GeV,  HighEnergyThreshold(GeV)= 10000
      ===== EM models for the G4Region  DefaultRegionForTheWorld ======
             eBremSB :  Emin=        0 eV    Emax=        1 GeV   AngularGen2BS
            eBremLPM :  Emin=        1 GeV   Emax=       10 TeV   AngularGen2BS

msc:   for e+    SubType= 10
      RangeFactor= 0.04, stepLimitType: 3, latDisplacement: 1, skin= 1, geomFactor= 2.5
      ===== EM models for the G4Region  DefaultRegionForTheWorld ======
            UrbanMsc :  Emin=        0 eV    Emax=       10 TeV  Table with 220 bins Emin=    100 eV    Emax=     10 TeV

eIoni:   for  e+    SubType= 2
      dE/dx and range tables from 10 eV  to 10 TeV in 240 bins
      Lambda tables from threshold to 10 TeV, 20 bins per decade, spline: 1
      finalRange(mm)= 0.1, dRoverRange= 0.2, integral: 1, fluct: 1, linLossLimit= 0.01
      ===== EM models for the G4Region  DefaultRegionForTheWorld ======
        MollerBhabha :  Emin=        0 eV    Emax=       10 TeV

eBrem:   for  e+    SubType= 3
      dE/dx and range tables from 10 eV  to 10 TeV in 240 bins
      Lambda tables from threshold to 10 TeV, 20 bins per decade, spline: 1
      LPM flag: 1 for E > 1 GeV,  HighEnergyThreshold(GeV)= 10000
      ===== EM models for the G4Region  DefaultRegionForTheWorld ======
             eBremSB :  Emin=        0 eV    Emax=        1 GeV   AngularGen2BS
            eBremLPM :  Emin=        1 GeV   Emax=       10 TeV   AngularGen2BS

annihil:   for  e+, integral: 1     SubType= 5  BuildTable= 0
      ===== EM models for the G4Region  DefaultRegionForTheWorld ======
            eplus2gg :  Emin=        0 eV    Emax=       10 TeV

msc:   for proton    SubType= 10
      RangeFactor= 0.2, stepLimitType: 0, latDisplacement: 0
      ===== EM models for the G4Region  DefaultRegionForTheWorld ======
            UrbanMsc :  Emin=        0 eV    Emax=       10 TeV  Table with 220 bins Emin=    100 eV    Emax=     10 TeV

hIoni:   for  proton    SubType= 2
      dE/dx and range tables from 10 eV  to 10 TeV in 240 bins
      Lambda tables from threshold to 10 TeV, 20 bins per decade, spline: 1
      finalRange(mm)= 0.05, dRoverRange= 0.2, integral: 1, fluct: 1, linLossLimit= 0.01
      ===== EM models for the G4Region  DefaultRegionForTheWorld ======
               Bragg :  Emin=        0 eV    Emax=        2 MeV
          BetheBloch :  Emin=        2 MeV   Emax=       10 TeV

hBrems:   for  proton    SubType= 3
      dE/dx and range tables from 10 eV  to 10 TeV in 240 bins
      Lambda tables from threshold to 10 TeV, 20 bins per decade, spline: 1
      ===== EM models for the G4Region  DefaultRegionForTheWorld ======
               hBrem :  Emin=        0 eV    Emax=       10 TeV
      ===== Limit on energy threshold has been applied 

hPairProd:   for  proton    SubType= 4
      dE/dx and range tables from 10 eV  to 10 TeV in 240 bins
      Lambda tables from threshold to 10 TeV, 20 bins per decade, spline: 1
      Sampling table 13x1001; from 7.50618 GeV to 10 TeV 
      ===== EM models for the G4Region  DefaultRegionForTheWorld ======
           hPairProd :  Emin=        0 eV    Emax=       10 TeV

nuclearStopping:   for  proton    SubType= 8  BuildTable= 0
      ===== EM models for the G4Region  DefaultRegionForTheWorld ======
   ICRU49NucStopping :  Emin=        0 eV    Emax=        1 MeV

msc:   for GenericIon    SubType= 10
      RangeFactor= 0.2, stepLimitType: 0, latDisplacement: 0
      ===== EM models for the G4Region  DefaultRegionForTheWorld ======
            UrbanMsc :  Emin=        0 eV    Emax=       10 TeV

ionIoni:   for  GenericIon    SubType= 2
      dE/dx and range tables from 10 eV  to 10 TeV in 240 bins
      Lambda tables from threshold to 10 TeV, 20 bins per decade, spline: 1
      finalRange(mm)= 0.001, dRoverRange= 0.1, integral: 1, fluct: 1, linLossLimit= 0.02
      ===== EM models for the G4Region  DefaultRegionForTheWorld ======
         ParamICRU73 :  Emin=        0 eV    Emax=       10 TeV   deltaVI

nuclearStopping:   for  GenericIon    SubType= 8  BuildTable= 0
      ===== EM models for the G4Region  DefaultRegionForTheWorld ======
   ICRU49NucStopping :  Emin=        0 eV    Emax=        1 MeV

### ===  Deexcitation model UAtomDeexcitation is activated for 1 region:
          DefaultRegionForTheWorld

msc:   for alpha    SubType= 10
      RangeFactor= 0.2, stepLimitType: 0, latDisplacement: 0
      ===== EM models for the G4Region  DefaultRegionForTheWorld ======
            UrbanMsc :  Emin=        0 eV    Emax=       10 TeV  Table with 220 bins Emin=    100 eV    Emax=     10 TeV

ionIoni:   for  alpha    SubType= 2
      dE/dx and range tables from 10 eV  to 10 TeV in 240 bins
      Lambda tables from threshold to 10 TeV, 20 bins per decade, spline: 1
      finalRange(mm)= 0.01, dRoverRange= 0.1, integral: 1, fluct: 1, linLossLimit= 0.02
      ===== EM models for the G4Region  DefaultRegionForTheWorld ======
            BraggIon :  Emin=        0 eV    Emax=   7.9452 MeV
          BetheBloch :  Emin=   7.9452 MeV   Emax=       10 TeV

nuclearStopping:   for  alpha    SubType= 8  BuildTable= 0
      ===== EM models for the G4Region  DefaultRegionForTheWorld ======
   ICRU49NucStopping :  Emin=        0 eV    Emax=        1 MeV

msc:   for anti_proton    SubType= 10
      RangeFactor= 0.2, stepLimitType: 0, latDisplacement: 0
      ===== EM models for the G4Region  DefaultRegionForTheWorld ======
            UrbanMsc :  Emin=        0 eV    Emax=       10 TeV  Table with 220 bins Emin=    100 eV    Emax=     10 TeV

hIoni:   for  anti_proton    SubType= 2
      dE/dx and range tables from 10 eV  to 10 TeV in 240 bins
      Lambda tables from threshold to 10 TeV, 20 bins per decade, spline: 1
      finalRange(mm)= 0.05, dRoverRange= 0.2, integral: 1, fluct: 1, linLossLimit= 0.01
      ===== EM models for the G4Region  DefaultRegionForTheWorld ======
            ICRU73QO :  Emin=        0 eV    Emax=        2 MeV
          BetheBloch :  Emin=        2 MeV   Emax=       10 TeV

hBrems:   for  anti_proton    SubType= 3
      dE/dx and range tables from 10 eV  to 10 TeV in 240 bins
      Lambda tables from threshold to 10 TeV, 20 bins per decade, spline: 1
      ===== EM models for the G4Region  DefaultRegionForTheWorld ======
               hBrem :  Emin=        0 eV    Emax=       10 TeV
      ===== Limit on energy threshold has been applied 

hPairProd:   for  anti_proton    SubType= 4
      dE/dx and range tables from 10 eV  to 10 TeV in 240 bins
      Lambda tables from threshold to 10 TeV, 20 bins per decade, spline: 1
      Sampling table 13x1001; from 7.50618 GeV to 10 TeV 
      ===== EM models for the G4Region  DefaultRegionForTheWorld ======
           hPairProd :  Emin=        0 eV    Emax=       10 TeV

nuclearStopping:   for  anti_proton    SubType= 8  BuildTable= 0
      ===== EM models for the G4Region  DefaultRegionForTheWorld ======
   ICRU49NucStopping :  Emin=        0 eV    Emax=        1 MeV

msc:   for kaon+    SubType= 10
      RangeFactor= 0.2, stepLimitType: 0, latDisplacement: 0
      ===== EM models for the G4Region  DefaultRegionForTheWorld ======
            UrbanMsc :  Emin=        0 eV    Emax=       10 TeV  Table with 220 bins Emin=    100 eV    Emax=     10 TeV

hIoni:   for  kaon+    SubType= 2
      dE/dx and range tables from 10 eV  to 10 TeV in 240 bins
      Lambda tables from threshold to 10 TeV, 20 bins per decade, spline: 1
      finalRange(mm)= 0.05, dRoverRange= 0.2, integral: 1, fluct: 1, linLossLimit= 0.01
      ===== EM models for the G4Region  DefaultRegionForTheWorld ======
               Bragg :  Emin=        0 eV    Emax=  1.05231 MeV
          BetheBloch :  Emin=  1.05231 MeV   Emax=       10 TeV

hBrems:   for  kaon+    SubType= 3
      dE/dx and range tables from 10 eV  to 10 TeV in 240 bins
      Lambda tables from threshold to 10 TeV, 20 bins per decade, spline: 1
      ===== EM models for the G4Region  DefaultRegionForTheWorld ======
               hBrem :  Emin=        0 eV    Emax=       10 TeV
      ===== Limit on energy threshold has been applied 

hPairProd:   for  kaon+    SubType= 4
      dE/dx and range tables from 10 eV  to 10 TeV in 240 bins
      Lambda tables from threshold to 10 TeV, 20 bins per decade, spline: 1
      Sampling table 14x1001; from 3.94942 GeV to 10 TeV 
      ===== EM models for the G4Region  DefaultRegionForTheWorld ======
           hPairProd :  Emin=        0 eV    Emax=       10 TeV

msc:   for kaon-    SubType= 10
      RangeFactor= 0.2, stepLimitType: 0, latDisplacement: 0
      ===== EM models for the G4Region  DefaultRegionForTheWorld ======
            UrbanMsc :  Emin=        0 eV    Emax=       10 TeV  Table with 220 bins Emin=    100 eV    Emax=     10 TeV

hIoni:   for  kaon-    SubType= 2
      dE/dx and range tables from 10 eV  to 10 TeV in 240 bins
      Lambda tables from threshold to 10 TeV, 20 bins per decade, spline: 1
      finalRange(mm)= 0.05, dRoverRange= 0.2, integral: 1, fluct: 1, linLossLimit= 0.01
      ===== EM models for the G4Region  DefaultRegionForTheWorld ======
            ICRU73QO :  Emin=        0 eV    Emax=  1.05231 MeV
          BetheBloch :  Emin=  1.05231 MeV   Emax=       10 TeV

hBrems:   for  kaon-    SubType= 3
      dE/dx and range tables from 10 eV  to 10 TeV in 240 bins
      Lambda tables from threshold to 10 TeV, 20 bins per decade, spline: 1
      ===== EM models for the G4Region  DefaultRegionForTheWorld ======
               hBrem :  Emin=        0 eV    Emax=       10 TeV
      ===== Limit on energy threshold has been applied 

hPairProd:   for  kaon-    SubType= 4
      dE/dx and range tables from 10 eV  to 10 TeV in 240 bins
      Lambda tables from threshold to 10 TeV, 20 bins per decade, spline: 1
      Sampling table 14x1001; from 3.94942 GeV to 10 TeV 
      ===== EM models for the G4Region  DefaultRegionForTheWorld ======
           hPairProd :  Emin=        0 eV    Emax=       10 TeV

msc:   for mu+    SubType= 10
      RangeFactor= 0.2, step limit type: 0, lateralDisplacement: 0, polarAngleLimit(deg)= 180
      ===== EM models for the G4Region  DefaultRegionForTheWorld ======
            UrbanMsc :  Emin=        0 eV    Emax=       10 TeV  Table with 220 bins Emin=    100 eV    Emax=     10 TeV

muIoni:   for  mu+    SubType= 2
      dE/dx and range tables from 10 eV  to 10 TeV in 240 bins
      Lambda tables from threshold to 10 TeV, 20 bins per decade, spline: 1
      finalRange(mm)= 0.05, dRoverRange= 0.2, integral: 1, fluct: 1, linLossLimit= 0.01
      ===== EM models for the G4Region  DefaultRegionForTheWorld ======
               Bragg :  Emin=        0 eV    Emax=      200 keV
          BetheBloch :  Emin=      200 keV   Emax=        1 GeV
        MuBetheBloch :  Emin=        1 GeV   Emax=       10 TeV

muBrems:   for  mu+    SubType= 3
      dE/dx and range tables from 10 eV  to 10 TeV in 240 bins
      Lambda tables from threshold to 10 TeV, 20 bins per decade, spline: 1
      ===== EM models for the G4Region  DefaultRegionForTheWorld ======
              MuBrem :  Emin=        0 eV    Emax=       10 TeV
      ===== Limit on energy threshold has been applied 

muPairProd:   for  mu+    SubType= 4
      dE/dx and range tables from 10 eV  to 10 TeV in 240 bins
      Lambda tables from threshold to 10 TeV, 20 bins per decade, spline: 1
      Sampling table 17x1001; from 1 GeV to 10 TeV 
      ===== EM models for the G4Region  DefaultRegionForTheWorld ======
          muPairProd :  Emin=        0 eV    Emax=       10 TeV

msc:   for mu-    SubType= 10
      RangeFactor= 0.2, step limit type: 0, lateralDisplacement: 0, polarAngleLimit(deg)= 180
      ===== EM models for the G4Region  DefaultRegionForTheWorld ======
            UrbanMsc :  Emin=        0 eV    Emax=       10 TeV  Table with 220 bins Emin=    100 eV    Emax=     10 TeV

muIoni:   for  mu-    SubType= 2
      dE/dx and range tables from 10 eV  to 10 TeV in 240 bins
      Lambda tables from threshold to 10 TeV, 20 bins per decade, spline: 1
      finalRange(mm)= 0.05, dRoverRange= 0.2, integral: 1, fluct: 1, linLossLimit= 0.01
      ===== EM models for the G4Region  DefaultRegionForTheWorld ======
            ICRU73QO :  Emin=        0 eV    Emax=      200 keV
          BetheBloch :  Emin=      200 keV   Emax=        1 GeV
        MuBetheBloch :  Emin=        1 GeV   Emax=       10 TeV

muBrems:   for  mu-    SubType= 3
      dE/dx and range tables from 10 eV  to 10 TeV in 240 bins
      Lambda tables from threshold to 10 TeV, 20 bins per decade, spline: 1
      ===== EM models for the G4Region  DefaultRegionForTheWorld ======
              MuBrem :  Emin=        0 eV    Emax=       10 TeV
      ===== Limit on energy threshold has been applied 

muPairProd:   for  mu-    SubType= 4
      dE/dx and range tables from 10 eV  to 10 TeV in 240 bins
      Lambda tables from threshold to 10 TeV, 20 bins per decade, spline: 1
      Sampling table 17x1001; from 1 GeV to 10 TeV 
      ===== EM models for the G4Region  DefaultRegionForTheWorld ======
          muPairProd :  Emin=        0 eV    Emax=       10 TeV
NeutronHP: /Capture file for Z = 8, A = 18 is not found and NeutronHP will use /Users/aleksejsmirnov/Software/Geant4/install/share/Geant4-10.2.3/data/G4NDL4.5/Capture/CrossSection/8_17_Oxygen
NeutronHP: /Elastic file for Z = 8, A = 18 is not found and NeutronHP will use /Users/aleksejsmirnov/Software/Geant4/install/share/Geant4-10.2.3/data/G4NDL4.5/Elastic/CrossSection/8_17_Oxygen
NeutronHP: /Inelastic file for Z = 8, A = 18 is not found and NeutronHP will use /Users/aleksejsmirnov/Software/Geant4/install/share/Geant4-10.2.3/data/G4NDL4.5/Inelastic/CrossSection/8_17_Oxygen
NeutronHP: /Capture file for Z = 6, A = 12 is not found and NeutronHP will use /Users/aleksejsmirnov/Software/Geant4/install/share/Geant4-10.2.3/data/G4NDL4.5/Capture/CrossSection/6_nat_Carbon
NeutronHP: /Elastic file for Z = 6, A = 12 is not found and NeutronHP will use /Users/aleksejsmirnov/Software/Geant4/install/share/Geant4-10.2.3/data/G4NDL4.5/Elastic/CrossSection/6_nat_Carbon
NeutronHP: /Inelastic file for Z = 6, A = 12 is not found and NeutronHP will use /Users/aleksejsmirnov/Software/Geant4/install/share/Geant4-10.2.3/data/G4NDL4.5/Inelastic/CrossSection/6_nat_Carbon
NeutronHP: /Capture file for Z = 6, A = 13 is not found and NeutronHP will use /Users/aleksejsmirnov/Software/Geant4/install/share/Geant4-10.2.3/data/G4NDL4.5/Capture/CrossSection/6_nat_Carbon
NeutronHP: /Elastic file for Z = 6, A = 13 is not found and NeutronHP will use /Users/aleksejsmirnov/Software/Geant4/install/share/Geant4-10.2.3/data/G4NDL4.5/Elastic/CrossSection/6_nat_Carbon
NeutronHP: /Inelastic file for Z = 6, A = 13 is not found and NeutronHP will use /Users/aleksejsmirnov/Software/Geant4/install/share/Geant4-10.2.3/data/G4NDL4.5/Inelastic/CrossSection/6_nat_Carbon
NeutronHP: /Elastic file for Z = 8, A = 18 is not found and NeutronHP will use /Users/aleksejsmirnov/Software/Geant4/install/share/Geant4-10.2.3/data/G4NDL4.5/Elastic/CrossSection/8_17_Oxygen
NeutronHP: /Elastic file for Z = 6, A = 12 is not found and NeutronHP will use /Users/aleksejsmirnov/Software/Geant4/install/share/Geant4-10.2.3/data/G4NDL4.5/Elastic/CrossSection/6_nat_Carbon
NeutronHP: /Elastic file for Z = 6, A = 13 is not found and NeutronHP will use /Users/aleksejsmirnov/Software/Geant4/install/share/Geant4-10.2.3/data/G4NDL4.5/Elastic/CrossSection/6_nat_Carbon
/Users/aleksejsmirnov/Software/Geant4/install/share/Geant4-10.2.3/data/G4NDL4.5
@@@ G4ParticleHPInelastic instantiated for particle neutron data directory variable is G4NEUTRONHPDATA pointing to /Users/aleksejsmirnov/Software/Geant4/install/share/Geant4-10.2.3/data/G4NDL4.5/Inelastic
NeutronHP: /Capture file for Z = 8, A = 18 is not found and NeutronHP will use /Users/aleksejsmirnov/Software/Geant4/install/share/Geant4-10.2.3/data/G4NDL4.5/Capture/CrossSection/8_17_Oxygen
NeutronHP: /Capture file for Z = 6, A = 12 is not found and NeutronHP will use /Users/aleksejsmirnov/Software/Geant4/install/share/Geant4-10.2.3/data/G4NDL4.5/Capture/CrossSection/6_nat_Carbon
NeutronHP: /Capture file for Z = 6, A = 13 is not found and NeutronHP will use /Users/aleksejsmirnov/Software/Geant4/install/share/Geant4-10.2.3/data/G4NDL4.5/Capture/CrossSection/6_nat_Carbon

msc:   for pi+    SubType= 10
      RangeFactor= 0.2, stepLimitType: 0, latDisplacement: 0
      ===== EM models for the G4Region  DefaultRegionForTheWorld ======
            UrbanMsc :  Emin=        0 eV    Emax=       10 TeV  Table with 220 bins Emin=    100 eV    Emax=     10 TeV

hIoni:   for  pi+    SubType= 2
      dE/dx and range tables from 10 eV  to 10 TeV in 240 bins
      Lambda tables from threshold to 10 TeV, 20 bins per decade, spline: 1
      finalRange(mm)= 0.05, dRoverRange= 0.2, integral: 1, fluct: 1, linLossLimit= 0.01
      ===== EM models for the G4Region  DefaultRegionForTheWorld ======
               Bragg :  Emin=        0 eV    Emax=  297.505 keV
          BetheBloch :  Emin=  297.505 keV   Emax=       10 TeV

hBrems:   for  pi+    SubType= 3
      dE/dx and range tables from 10 eV  to 10 TeV in 240 bins
      Lambda tables from threshold to 10 TeV, 20 bins per decade, spline: 1
      ===== EM models for the G4Region  DefaultRegionForTheWorld ======
               hBrem :  Emin=        0 eV    Emax=       10 TeV
      ===== Limit on energy threshold has been applied 

hPairProd:   for  pi+    SubType= 4
      dE/dx and range tables from 10 eV  to 10 TeV in 240 bins
      Lambda tables from threshold to 10 TeV, 20 bins per decade, spline: 1
      Sampling table 16x1001; from 1.11656 GeV to 10 TeV 
      ===== EM models for the G4Region  DefaultRegionForTheWorld ======
           hPairProd :  Emin=        0 eV    Emax=       10 TeV

msc:   for pi-    SubType= 10
      RangeFactor= 0.2, stepLimitType: 0, latDisplacement: 0
      ===== EM models for the G4Region  DefaultRegionForTheWorld ======
            UrbanMsc :  Emin=        0 eV    Emax=       10 TeV  Table with 220 bins Emin=    100 eV    Emax=     10 TeV

hIoni:   for  pi-    SubType= 2
      dE/dx and range tables from 10 eV  to 10 TeV in 240 bins
      Lambda tables from threshold to 10 TeV, 20 bins per decade, spline: 1
      finalRange(mm)= 0.05, dRoverRange= 0.2, integral: 1, fluct: 1, linLossLimit= 0.01
      ===== EM models for the G4Region  DefaultRegionForTheWorld ======
            ICRU73QO :  Emin=        0 eV    Emax=  297.505 keV
          BetheBloch :  Emin=  297.505 keV   Emax=       10 TeV

hBrems:   for  pi-    SubType= 3
      dE/dx and range tables from 10 eV  to 10 TeV in 240 bins
      Lambda tables from threshold to 10 TeV, 20 bins per decade, spline: 1
      ===== EM models for the G4Region  DefaultRegionForTheWorld ======
               hBrem :  Emin=        0 eV    Emax=       10 TeV
      ===== Limit on energy threshold has been applied 

hPairProd:   for  pi-    SubType= 4
      dE/dx and range tables from 10 eV  to 10 TeV in 240 bins
      Lambda tables from threshold to 10 TeV, 20 bins per decade, spline: 1
      Sampling table 16x1001; from 1.11656 GeV to 10 TeV 
      ===== EM models for the G4Region  DefaultRegionForTheWorld ======
           hPairProd :  Emin=        0 eV    Emax=       10 TeV

====================================================================
                  HADRONIC PROCESSES SUMMARY (verbose level 1)

---------------------------------------------------
                           Hadronic Processes for GenericIon

  Process: ionInelastic
        Model:  Binary Light Ion Cascade: 0 eV /n ---> 4 GeV/n
        Model:                      FTFP: 2 GeV/n ---> 100 TeV/n
     Cr_sctns: Glauber-Gribov nucleus nucleus: 0 eV  ---> 2.88022e+295 J  
     Cr_sctns:          GheishaInelastic: 0 eV  ---> 100 TeV

---------------------------------------------------
                           Hadronic Processes for He3

  Process: hadElastic
        Model:              hElasticLHEP: 0 eV /n ---> 100 TeV/n
     Cr_sctns: Glauber-Gribov nucleus nucleus: 0 eV  ---> 2.88022e+295 J  
     Cr_sctns:            GheishaElastic: 0 eV  ---> 100 TeV

  Process: He3Inelastic
        Model:  Binary Light Ion Cascade: 0 eV /n ---> 4 GeV/n
        Model:                      FTFP: 2 GeV/n ---> 100 TeV/n
     Cr_sctns: Glauber-Gribov nucleus nucleus: 0 eV  ---> 2.88022e+295 J  
     Cr_sctns:          GheishaInelastic: 0 eV  ---> 100 TeV

---------------------------------------------------
                           Hadronic Processes for alpha

  Process: hadElastic
        Model:              hElasticLHEP: 0 eV /n ---> 100 TeV/n
     Cr_sctns:            GheishaElastic: 0 eV  ---> 100 TeV

  Process: alphaInelastic
        Model:  Binary Light Ion Cascade: 0 eV /n ---> 4 GeV/n
        Model:                      FTFP: 2 GeV/n ---> 100 TeV/n
     Cr_sctns: Glauber-Gribov nucleus nucleus: 0 eV  ---> 2.88022e+295 J  
     Cr_sctns:          GheishaInelastic: 0 eV  ---> 100 TeV

---------------------------------------------------
                           Hadronic Processes for anti_He3

  Process: hadElastic
        Model:              hElasticLHEP: 0 eV /n ---> 100.1 MeV/n
        Model:              AntiAElastic: 100 MeV/n ---> 100 TeV/n
     Cr_sctns:              AntiAGlauber: 0 eV  ---> 2.88022e+295 J  
     Cr_sctns:            GheishaElastic: 0 eV  ---> 100 TeV

  Process: anti_He3Inelastic
        Model:                      FTFP: 0 eV /n ---> 100 TeV/n
     Cr_sctns:              AntiAGlauber: 0 eV  ---> 2.88022e+295 J  
     Cr_sctns:          GheishaInelastic: 0 eV  ---> 100 TeV

---------------------------------------------------
                           Hadronic Processes for anti_alpha

  Process: hadElastic
        Model:              hElasticLHEP: 0 eV /n ---> 100.1 MeV/n
        Model:              AntiAElastic: 100 MeV/n ---> 100 TeV/n
     Cr_sctns:              AntiAGlauber: 0 eV  ---> 2.88022e+295 J  
     Cr_sctns:            GheishaElastic: 0 eV  ---> 100 TeV

  Process: anti_alphaInelastic
        Model:                      FTFP: 0 eV /n ---> 100 TeV/n
     Cr_sctns:              AntiAGlauber: 0 eV  ---> 2.88022e+295 J  
     Cr_sctns:          GheishaInelastic: 0 eV  ---> 100 TeV

---------------------------------------------------
                           Hadronic Processes for anti_deuteron

  Process: hadElastic
        Model:              hElasticLHEP: 0 eV /n ---> 100.1 MeV/n
        Model:              AntiAElastic: 100 MeV/n ---> 100 TeV/n
     Cr_sctns:              AntiAGlauber: 0 eV  ---> 2.88022e+295 J  
     Cr_sctns:            GheishaElastic: 0 eV  ---> 100 TeV

  Process: anti_deuteronInelastic
        Model:                      FTFP: 0 eV /n ---> 100 TeV/n
     Cr_sctns:              AntiAGlauber: 0 eV  ---> 2.88022e+295 J  
     Cr_sctns:          GheishaInelastic: 0 eV  ---> 100 TeV

---------------------------------------------------
                           Hadronic Processes for anti_neutron

  Process: hadElastic
        Model:              hElasticLHEP: 0 eV  ---> 100 TeV
     Cr_sctns:            GheishaElastic: 0 eV  ---> 100 TeV

  Process: anti_neutronInelastic
        Model:                      FTFP: 0 eV  ---> 100 TeV
     Cr_sctns:              AntiAGlauber: 0 eV  ---> 2.88022e+295 J  
     Cr_sctns:          GheishaInelastic: 0 eV  ---> 100 TeV

---------------------------------------------------
                           Hadronic Processes for anti_proton

  Process: hadElastic
        Model:              hElasticLHEP: 0 eV  ---> 100.1 MeV
        Model:              AntiAElastic: 100 MeV ---> 100 TeV
     Cr_sctns:              AntiAGlauber: 0 eV  ---> 2.88022e+295 J  
     Cr_sctns:            GheishaElastic: 0 eV  ---> 100 TeV

  Process: anti_protonInelastic
        Model:                      FTFP: 0 eV  ---> 100 TeV
     Cr_sctns:              AntiAGlauber: 0 eV  ---> 2.88022e+295 J  
     Cr_sctns:          GheishaInelastic: 0 eV  ---> 100 TeV

---------------------------------------------------
                           Hadronic Processes for anti_triton

  Process: hadElastic
        Model:              hElasticLHEP: 0 eV /n ---> 100.1 MeV/n
        Model:              AntiAElastic: 100 MeV/n ---> 100 TeV/n
     Cr_sctns:              AntiAGlauber: 0 eV  ---> 2.88022e+295 J  
     Cr_sctns:            GheishaElastic: 0 eV  ---> 100 TeV

  Process: anti_tritonInelastic
        Model:                      FTFP: 0 eV /n ---> 100 TeV/n
     Cr_sctns:              AntiAGlauber: 0 eV  ---> 2.88022e+295 J  
     Cr_sctns:          GheishaInelastic: 0 eV  ---> 100 TeV

---------------------------------------------------
                           Hadronic Processes for deuteron

  Process: hadElastic
        Model:              hElasticLHEP: 0 eV /n ---> 100 TeV/n
     Cr_sctns:            GheishaElastic: 0 eV  ---> 100 TeV

  Process: dInelastic
        Model:  Binary Light Ion Cascade: 0 eV /n ---> 4 GeV/n
        Model:                      FTFP: 2 GeV/n ---> 100 TeV/n
     Cr_sctns: Glauber-Gribov nucleus nucleus: 0 eV  ---> 2.88022e+295 J  
     Cr_sctns:          GheishaInelastic: 0 eV  ---> 100 TeV

---------------------------------------------------
                           Hadronic Processes for kaon+

  Process: hadElastic
        Model:              hElasticLHEP: 0 eV  ---> 100 TeV
     Cr_sctns:            GheishaElastic: 0 eV  ---> 100 TeV

  Process: kaon+Inelastic
        Model:                      QGSP: 12 GeV ---> 100 TeV
        Model:                      FTFP: 4 GeV ---> 25 GeV
        Model:            BertiniCascade: 0 eV  ---> 5 GeV
     Cr_sctns:            Glauber-Gribov: 0 eV  ---> 2.88022e+295 J  
     Cr_sctns:  ChipsKaonPlusInelasticXS: 0 eV  ---> 100 TeV
     Cr_sctns:          GheishaInelastic: 0 eV  ---> 100 TeV

---------------------------------------------------
                           Hadronic Processes for kaon-

  Process: hadElastic
        Model:              hElasticLHEP: 0 eV  ---> 100 TeV
     Cr_sctns:            GheishaElastic: 0 eV  ---> 100 TeV

  Process: kaon-Inelastic
        Model:                      QGSP: 12 GeV ---> 100 TeV
        Model:                      FTFP: 4 GeV ---> 25 GeV
        Model:            BertiniCascade: 0 eV  ---> 5 GeV
     Cr_sctns:            Glauber-Gribov: 0 eV  ---> 2.88022e+295 J  
     Cr_sctns: ChipsKaonMinusInelasticXS: 0 eV  ---> 100 TeV
     Cr_sctns:          GheishaInelastic: 0 eV  ---> 100 TeV

---------------------------------------------------
                           Hadronic Processes for lambda

  Process: hadElastic
        Model:              hElasticLHEP: 0 eV  ---> 100 TeV
     Cr_sctns:            GheishaElastic: 0 eV  ---> 100 TeV

  Process: lambdaInelastic
        Model:            BertiniCascade: 0 eV  ---> 6 GeV
        Model:                      FTFP: 2 GeV ---> 100 TeV
     Cr_sctns:   ChipsHyperonInelasticXS: 0 eV  ---> 100 TeV
     Cr_sctns:          GheishaInelastic: 0 eV  ---> 100 TeV

---------------------------------------------------
                           Hadronic Processes for neutron

  Process: hadElastic
        Model:             hElasticCHIPS: 19.5 MeV ---> 100 TeV
        Model:          NeutronHPElastic: 0 eV  ---> 20 MeV
     Cr_sctns:        NeutronHPElasticXS: 0 eV  ---> 20 MeV
     Cr_sctns:        G4NeutronElasticXS: 0 eV  ---> 100 TeV
     Cr_sctns:            GheishaElastic: 0 eV  ---> 100 TeV

  Process: neutronInelastic
        Model:                      QGSP: 12 GeV ---> 100 TeV
        Model:                      FTFP: 9.5 GeV ---> 25 GeV
        Model:            Binary Cascade: 19.9 MeV ---> 9.9 GeV
        Model:        NeutronHPInelastic: 0 eV  ---> 20 MeV
     Cr_sctns:      NeutronHPInelasticXS: 0 eV  ---> 20 MeV
     Cr_sctns:       Barashenkov-Glauber: 0 eV  ---> 100 TeV
     Cr_sctns:       Barashenkov-Glauber: 0 eV  ---> 100 TeV
     Cr_sctns:          GheishaInelastic: 0 eV  ---> 100 TeV

  Process: nCapture
        Model:          NeutronHPCapture: 0 eV  ---> 20 MeV
        Model:               nRadCapture: 19.9 MeV ---> 100 TeV
     Cr_sctns:        NeutronHPCaptureXS: 0 eV  ---> 20 MeV
     Cr_sctns:        G4NeutronCaptureXS: 0 eV  ---> 100 TeV
     Cr_sctns:        NeutronHPCaptureXS: 0 eV  ---> 20 MeV
     Cr_sctns:          GheishaCaptureXS: 0 eV  ---> 100 TeV

  Process: nFission
        Model:          NeutronHPFission: 0 eV  ---> 20 MeV
        Model:                G4LFission: 19.9 MeV ---> 2.88022e+295 J  
     Cr_sctns:        NeutronHPFissionXS: 0 eV  ---> 20 MeV
     Cr_sctns:          GheishaFissionXS: 0 eV  ---> 100 TeV

---------------------------------------------------
                           Hadronic Processes for pi+

  Process: hadElastic
        Model:              hElasticLHEP: 0 eV  ---> 1.0001 GeV
        Model:           hElasticGlauber: 1 GeV ---> 100 TeV
     Cr_sctns:       Barashenkov-Glauber: 0 eV  ---> 100 TeV
     Cr_sctns:            GheishaElastic: 0 eV  ---> 100 TeV

  Process: pi+Inelastic
        Model:                      QGSP: 12 GeV ---> 100 TeV
        Model:                      FTFP: 4 GeV ---> 25 GeV
        Model:            BertiniCascade: 0 eV  ---> 5 GeV
     Cr_sctns:      G4CrossSectionPairGG: 0 eV  ---> 100 TeV
                         G4CrossSectionPairGG: G4PiNuclearCrossSection cross sections 
                           below 91 GeV, Glauber-Gribov above 
     Cr_sctns:      G4CrossSectionPairGG: 0 eV  ---> 100 TeV
                         G4CrossSectionPairGG: G4PiNuclearCrossSection cross sections 
                           below 91 GeV, Glauber-Gribov above 
     Cr_sctns:          GheishaInelastic: 0 eV  ---> 100 TeV

---------------------------------------------------
                           Hadronic Processes for pi-

  Process: hadElastic
        Model:              hElasticLHEP: 0 eV  ---> 1.0001 GeV
        Model:           hElasticGlauber: 1 GeV ---> 100 TeV
     Cr_sctns:       Barashenkov-Glauber: 0 eV  ---> 100 TeV
     Cr_sctns:            GheishaElastic: 0 eV  ---> 100 TeV

  Process: pi-Inelastic
        Model:                      QGSP: 12 GeV ---> 100 TeV
        Model:                      FTFP: 4 GeV ---> 25 GeV
        Model:            BertiniCascade: 0 eV  ---> 5 GeV
     Cr_sctns:      G4CrossSectionPairGG: 0 eV  ---> 100 TeV
                         G4CrossSectionPairGG: G4PiNuclearCrossSection cross sections 
                           below 91 GeV, Glauber-Gribov above 
     Cr_sctns:      G4CrossSectionPairGG: 0 eV  ---> 100 TeV
                         G4CrossSectionPairGG: G4PiNuclearCrossSection cross sections 
                           below 91 GeV, Glauber-Gribov above 
     Cr_sctns:          GheishaInelastic: 0 eV  ---> 100 TeV

---------------------------------------------------
                           Hadronic Processes for proton

  Process: hadElastic
        Model:             hElasticCHIPS: 0 eV  ---> 100 TeV
     Cr_sctns:      ChipsProtonElasticXS: 0 eV  ---> 100 TeV
     Cr_sctns:            GheishaElastic: 0 eV  ---> 100 TeV

  Process: protonInelastic
        Model:                      QGSP: 12 GeV ---> 100 TeV
        Model:                      FTFP: 9.5 GeV ---> 25 GeV
        Model:            Binary Cascade: 0 eV  ---> 9.9 GeV
     Cr_sctns:       Barashenkov-Glauber: 0 eV  ---> 100 TeV
     Cr_sctns:       Barashenkov-Glauber: 0 eV  ---> 100 TeV
     Cr_sctns:          GheishaInelastic: 0 eV  ---> 100 TeV

---------------------------------------------------
                           Hadronic Processes for triton

  Process: hadElastic
        Model:              hElasticLHEP: 0 eV /n ---> 100 TeV/n
     Cr_sctns:            GheishaElastic: 0 eV  ---> 100 TeV

  Process: tInelastic
        Model:  Binary Light Ion Cascade: 0 eV /n ---> 4 GeV/n
        Model:                      FTFP: 2 GeV/n ---> 100 TeV/n
     Cr_sctns: Glauber-Gribov nucleus nucleus: 0 eV  ---> 2.88022e+295 J  
     Cr_sctns:          GheishaInelastic: 0 eV  ---> 100 TeV

================================================================

========= Table of registered couples ==============================

Index : 0     used in the geometry : Yes
 Material : Galactic
 Range cuts        :  gamma  100 um     e-  100 um     e+  100 um  proton 100 um 
 Energy thresholds :  gamma  250 eV     e-  250 eV     e+  250 eV  proton 10 keV
 Region(s) which use this couple : 
    DefaultRegionForTheWorld

Index : 1     used in the geometry : Yes
 Material : Aluminum
 Range cuts        :  gamma  100 um     e-  100 um     e+  100 um  proton 100 um 
 Energy thresholds :  gamma  2.34623 keV    e-  130.52 keV    e+  129.1 keV proton 10 keV
 Region(s) which use this couple : 
    DefaultRegionForTheWorld

Index : 2     used in the geometry : Yes
 Material : LYSO
 Range cuts        :  gamma  100 um     e-  100 um     e+  100 um  proton 100 um 
 Energy thresholds :  gamma  13.9074 keV    e-  202.175 keV    e+  196.362 keV proton 10 keV
 Region(s) which use this couple : 
    DefaultRegionForTheWorld

Index : 3     used in the geometry : Yes
 Material : Scintillator
 Range cuts        :  gamma  100 um     e-  100 um     e+  100 um  proton 100 um 
 Energy thresholds :  gamma  984.997 eV     e-  86.7551 keV    e+  84.8775 keV proton 10 keV
 Region(s) which use this couple : 
    DefaultRegionForTheWorld

====================================================================

### Run 0 starts.
### Run 0 starts (master).
WARNING: Scene "none" not found.
  /vis/scene/list to see scenes.
EventID: 0

-------- WWWW ------- G4Exception-START -------- WWWW -------
*** G4Exception : GeomNav1002
      issued by : G4Navigator::ComputeStep()
Track stuck or not moving.
          Track stuck, not moving for 10 steps
          in volume -UpStructure- at point (13.817,31.7327,35.2622) (local point (13.817,31.7327,35.2622))
          direction: (-0.97184,0.00196103,-0.235634) (local direction: (-0.97184,0.00196103,-0.235634)).
          Potential geometry or navigation problem !
          Trying pushing it of 1e-07 mm ...Potential overlap in geometry!

*** This is just a warning message. ***
-------- WWWW -------- G4Exception-END --------- WWWW -------


-------- WWWW ------- G4Exception-START -------- WWWW -------
*** G4Exception : GeomNav1002
      issued by : G4Navigator::ComputeStep()
Track stuck or not moving.
          Track stuck, not moving for 10 steps
          in volume -UpStructure- at point (29.6498,-25.2841,33.1112) (local point (29.6498,-25.2841,33.1112))
          direction: (-0.753975,0.216959,-0.620041) (local direction: (-0.753975,0.216959,-0.620041)).
          Potential geometry or navigation problem !
          Trying pushing it of 1e-07 mm ...Potential overlap in geometry!

*** This is just a warning message. ***
-------- WWWW -------- G4Exception-END --------- WWWW -------


-------- WWWW ------- G4Exception-START -------- WWWW -------
*** G4Exception : GeomNav1002
      issued by : G4Navigator::ComputeStep()
Track stuck or not moving.
          Track stuck, not moving for 10 steps
          in volume -UpStructure- at point (-15.1827,20.6413,34.8052) (local point (-15.1827,20.6413,34.8052))
          direction: (0.189542,0.973521,0.127791) (local direction: (0.189542,0.973521,0.127791)).
          Potential geometry or navigation problem !
          Trying pushing it of 1e-07 mm ...Potential overlap in geometry!

*** This is just a warning message. ***
-------- WWWW -------- G4Exception-END --------- WWWW -------

EventID: 1000

-------- WWWW ------- G4Exception-START -------- WWWW -------
*** G4Exception : GeomNav1002
      issued by : G4Navigator::ComputeStep()
Track stuck or not moving.
          Track stuck, not moving for 10 steps
          in volume -UpStructure- at point (-5.81832,36.6615,103.487) (local point (-5.81832,36.6615,103.487))
          direction: (-0.553403,-0.372175,-0.745138) (local direction: (-0.553403,-0.372175,-0.745138)).
          Potential geometry or navigation problem !
          Trying pushing it of 1e-07 mm ...Potential overlap in geometry!

*** This is just a warning message. ***
-------- WWWW -------- G4Exception-END --------- WWWW -------


-------- WWWW ------- G4Exception-START -------- WWWW -------
*** G4Exception : GeomNav1002
      issued by : G4Navigator::ComputeStep()
Track stuck or not moving.
          Track stuck, not moving for 10 steps
          in volume -UpStructure- at point (2.96629,33.5292,3.12876) (local point (2.96629,33.5292,3.12876))
          direction: (-0.00125543,-0.824196,0.566304) (local direction: (-0.00125543,-0.824196,0.566304)).
          Potential geometry or navigation problem !
          Trying pushing it of 1e-07 mm ...Potential overlap in geometry!

*** This is just a warning message. ***
-------- WWWW -------- G4Exception-END --------- WWWW -------


-------- WWWW ------- G4Exception-START -------- WWWW -------
*** G4Exception : GeomNav1002
      issued by : G4Navigator::ComputeStep()
Track stuck or not moving.
          Track stuck, not moving for 10 steps
          in volume -UpStructure- at point (4.71139,36.3904,103.492) (local point (4.71139,36.3904,103.492))
          direction: (-0.297028,0.414524,0.8602) (local direction: (-0.297028,0.414524,0.8602)).
          Potential geometry or navigation problem !
          Trying pushing it of 1e-07 mm ...Potential overlap in geometry!

*** This is just a warning message. ***
-------- WWWW -------- G4Exception-END --------- WWWW -------


-------- WWWW ------- G4Exception-START -------- WWWW -------
*** G4Exception : GeomNav1002
      issued by : G4Navigator::ComputeStep()
Track stuck or not moving.
          Track stuck, not moving for 10 steps
          in volume -UpStructure- at point (-30.6611,-12.9015,3.17154) (local point (-30.6611,-12.9015,3.17154))
          direction: (0.796927,0.246125,-0.551661) (local direction: (0.796927,0.246125,-0.551661)).
          Potential geometry or navigation problem !
          Trying pushing it of 1e-07 mm ...Potential overlap in geometry!

*** This is just a warning message. ***
-------- WWWW -------- G4Exception-END --------- WWWW -------

EventID: 2000

-------- WWWW ------- G4Exception-START -------- WWWW -------
*** G4Exception : GeomNav1002
      issued by : G4Navigator::ComputeStep()
Track stuck or not moving.
          Track stuck, not moving for 10 steps
          in volume -UpStructure- at point (29.3386,-20.3952,3.52408) (local point (29.3386,-20.3952,3.52408))
          direction: (0.321111,-0.353207,-0.878711) (local direction: (0.321111,-0.353207,-0.878711)).
          Potential geometry or navigation problem !
          Trying pushing it of 1e-07 mm ...Potential overlap in geometry!

*** This is just a warning message. ***
-------- WWWW -------- G4Exception-END --------- WWWW -------


-------- WWWW ------- G4Exception-START -------- WWWW -------
*** G4Exception : GeomNav1002
      issued by : G4Navigator::ComputeStep()
Track stuck or not moving.
          Track stuck, not moving for 10 steps
          in volume -UpStructure- at point (-32.2772,-9.20184,103.174) (local point (-32.2772,-9.20184,103.174))
          direction: (0.6477,0.734806,-0.201357) (local direction: (0.6477,0.734806,-0.201357)).
          Potential geometry or navigation problem !
          Trying pushing it of 1e-07 mm ...Potential overlap in geometry!

*** This is just a warning message. ***
-------- WWWW -------- G4Exception-END --------- WWWW -------

EventID: 3000

-------- WWWW ------- G4Exception-START -------- WWWW -------
*** G4Exception : GeomNav1002
      issued by : G4Navigator::ComputeStep()
Track stuck or not moving.
          Track stuck, not moving for 10 steps
          in volume -UpStructure- at point (3.46582,33.5289,3.18401) (local point (3.46582,33.5289,3.18401))
          direction: (0.73511,0.664564,-0.134042) (local direction: (0.73511,0.664564,-0.134042)).
          Potential geometry or navigation problem !
          Trying pushing it of 1e-07 mm ...Potential overlap in geometry!

*** This is just a warning message. ***
-------- WWWW -------- G4Exception-END --------- WWWW -------


-------- WWWW ------- G4Exception-START -------- WWWW -------
*** G4Exception : GeomNav1002
      issued by : G4Navigator::ComputeStep()
Track stuck or not moving.
          Track stuck, not moving for 10 steps
          in volume -UpStructure- at point (29.3172,15.331,34.8421) (local point (29.3172,15.331,34.8421))
          direction: (0.776009,-0.298304,-0.555719) (local direction: (0.776009,-0.298304,-0.555719)).
          Potential geometry or navigation problem !
          Trying pushing it of 1e-07 mm ...Potential overlap in geometry!

*** This is just a warning message. ***
-------- WWWW -------- G4Exception-END --------- WWWW -------

EventID: 4000

-------- WWWW ------- G4Exception-START -------- WWWW -------
*** G4Exception : GeomNav1002
      issued by : G4Navigator::ComputeStep()
Track stuck or not moving.
          Track stuck, not moving for 10 steps
          in volume -UpStructure- at point (-30.682,-23.3072,33.4746) (local point (-30.682,-23.3072,33.4746))
          direction: (-0.85816,0.506341,0.0847374) (local direction: (-0.85816,0.506341,0.0847374)).
          Potential geometry or navigation problem !
          Trying pushing it of 1e-07 mm ...Potential overlap in geometry!

*** This is just a warning message. ***
-------- WWWW -------- G4Exception-END --------- WWWW -------


-------- WWWW ------- G4Exception-START -------- WWWW -------
*** G4Exception : GeomNav1002
      issued by : G4Navigator::ComputeStep()
Track stuck or not moving.
          Track stuck, not moving for 10 steps
          in volume -UpStructure- at point (32.5838,8.70335,103.333) (local point (32.5838,8.70335,103.333))
          direction: (0.422348,0.677395,0.602294) (local direction: (0.422348,0.677395,0.602294)).
          Potential geometry or navigation problem !
          Trying pushing it of 1e-07 mm ...Potential overlap in geometry!

*** This is just a warning message. ***
-------- WWWW -------- G4Exception-END --------- WWWW -------


-------- WWWW ------- G4Exception-START -------- WWWW -------
*** G4Exception : GeomNav1002
      issued by : G4Navigator::ComputeStep()
Track stuck or not moving.
          Track stuck, not moving for 10 steps
          in volume -UpStructure- at point (-30.6603,-17.5782,1.91351) (local point (-30.6603,-17.5782,1.91351))
          direction: (0.985452,-0.12995,0.109529) (local direction: (0.985452,-0.12995,0.109529)).
          Potential geometry or navigation problem !
          Trying pushing it of 1e-07 mm ...Potential overlap in geometry!

*** This is just a warning message. ***
-------- WWWW -------- G4Exception-END --------- WWWW -------

EventID: 5000

-------- WWWW ------- G4Exception-START -------- WWWW -------
*** G4Exception : GeomNav1002
      issued by : G4Navigator::ComputeStep()
Track stuck or not moving.
          Track stuck, not moving for 10 steps
          in volume -UpStructure- at point (-30.6601,-19.5289,1.64862) (local point (-30.6601,-19.5289,1.64862))
          direction: (-0.924485,-0.362611,-0.117646) (local direction: (-0.924485,-0.362611,-0.117646)).
          Potential geometry or navigation problem !
          Trying pushing it of 1e-07 mm ...Potential overlap in geometry!

*** This is just a warning message. ***
-------- WWWW -------- G4Exception-END --------- WWWW -------


-------- WWWW ------- G4Exception-START -------- WWWW -------
*** G4Exception : GeomNav1002
      issued by : G4Navigator::ComputeStep()
Track stuck or not moving.
          Track stuck, not moving for 10 steps
          in volume -UpStructure- at point (23.2797,20.8719,62.4044) (local point (23.2797,20.8719,62.4044))
          direction: (0.326343,0.654253,0.682241) (local direction: (0.326343,0.654253,0.682241)).
          Potential geometry or navigation problem !
          Trying pushing it of 1e-07 mm ...Potential overlap in geometry!

*** This is just a warning message. ***
-------- WWWW -------- G4Exception-END --------- WWWW -------


-------- WWWW ------- G4Exception-START -------- WWWW -------
*** G4Exception : GeomNav1002
      issued by : G4Navigator::ComputeStep()
Track stuck or not moving.
          Track stuck, not moving for 10 steps
          in volume -UpStructure- at point (29.3174,-4.02764,34.4596) (local point (29.3174,-4.02764,34.4596))
          direction: (0.906967,0.415444,0.0694013) (local direction: (0.906967,0.415444,0.0694013)).
          Potential geometry or navigation problem !
          Trying pushing it of 1e-07 mm ...Potential overlap in geometry!

*** This is just a warning message. ***
-------- WWWW -------- G4Exception-END --------- WWWW -------


-------- WWWW ------- G4Exception-START -------- WWWW -------
*** G4Exception : GeomNav1002
      issued by : G4Navigator::ComputeStep()
Track stuck or not moving.
          Track stuck, not moving for 10 steps
          in volume -UpStructure- at point (-30.6831,-3.98865,4.60611) (local point (-30.6831,-3.98865,4.60611))
          direction: (0.0912775,0.00803917,0.995793) (local direction: (0.0912775,0.00803917,0.995793)).
          Potential geometry or navigation problem !
          Trying pushing it of 1e-07 mm ...Potential overlap in geometry!

*** This is just a warning message. ***
-------- WWWW -------- G4Exception-END --------- WWWW -------


-------- WWWW ------- G4Exception-START -------- WWWW -------
*** G4Exception : GeomNav1002
      issued by : G4Navigator::ComputeStep()
Track stuck or not moving.
          Track stuck, not moving for 10 steps
          in volume -UpStructure- at point (24.1358,18.4552,33.3888) (local point (24.1358,18.4552,33.3888))
          direction: (-0.269629,-0.00337134,-0.962958) (local direction: (-0.269629,-0.00337134,-0.962958)).
          Potential geometry or navigation problem !
          Trying pushing it of 1e-07 mm ...Potential overlap in geometry!

*** This is just a warning message. ***
-------- WWWW -------- G4Exception-END --------- WWWW -------


-------- WWWW ------- G4Exception-START -------- WWWW -------
*** G4Exception : GeomNav1002
      issued by : G4Navigator::ComputeStep()
Track stuck or not moving.
          Track stuck, not moving for 10 steps
          in volume -World- at point (16.1259,18.3551,4.78209) (local point (16.1259,18.3551,4.78209))
          direction: (-0.269629,-0.00337148,-0.962958) (local direction: (-0.269629,-0.00337148,-0.962958)).
          Potential geometry or navigation problem !
          Trying pushing it of 1e-07 mm ...Potential overlap in geometry!

*** This is just a warning message. ***
-------- WWWW -------- G4Exception-END --------- WWWW -------


-------- WWWW ------- G4Exception-START -------- WWWW -------
*** G4Exception : GeomNav1002
      issued by : G4Navigator::ComputeStep()
Track stuck or not moving.
          Track stuck, not moving for 10 steps
          in volume -UpStructure- at point (-32.9939,-20.002,103.104) (local point (-32.9939,-20.002,103.104))
          direction: (-0.669833,-0.628135,-0.395942) (local direction: (-0.669833,-0.628135,-0.395942)).
          Potential geometry or navigation problem !
          Trying pushing it of 1e-07 mm ...Potential overlap in geometry!

*** This is just a warning message. ***
-------- WWWW -------- G4Exception-END --------- WWWW -------

EventID: 6000

-------- WWWW ------- G4Exception-START -------- WWWW -------
*** G4Exception : GeomNav1002
      issued by : G4Navigator::ComputeStep()
Track stuck or not moving.
          Track stuck, not moving for 10 steps
          in volume -UpStructure- at point (-30.6603,-9.21189,2.02172) (local point (-30.6603,-9.21189,2.02172))
          direction: (-0.638883,0.754119,-0.152098) (local direction: (-0.638883,0.754119,-0.152098)).
          Potential geometry or navigation problem !
          Trying pushing it of 1e-07 mm ...Potential overlap in geometry!

*** This is just a warning message. ***
-------- WWWW -------- G4Exception-END --------- WWWW -------


-------- WWWW ------- G4Exception-START -------- WWWW -------
*** G4Exception : GeomNav1002
      issued by : G4Navigator::ComputeStep()
Track stuck or not moving.
          Track stuck, not moving for 10 steps
          in volume -UpStructure- at point (-30.6614,-9.64023,3.58442) (local point (-30.6614,-9.64023,3.58442))
          direction: (-0.607854,0.50471,0.61301) (local direction: (-0.607854,0.50471,0.61301)).
          Potential geometry or navigation problem !
          Trying pushing it of 1e-07 mm ...Potential overlap in geometry!

*** This is just a warning message. ***
-------- WWWW -------- G4Exception-END --------- WWWW -------


-------- WWWW ------- G4Exception-START -------- WWWW -------
*** G4Exception : GeomNav1002
      issued by : G4Navigator::ComputeStep()
Track stuck or not moving.
          Track stuck, not moving for 10 steps
          in volume -UpStructure- at point (-31.6415,-8.82876,4.57431) (local point (-31.6415,-8.82876,4.57431))
          direction: (-0.607939,0.503359,0.614035) (local direction: (-0.607939,0.503359,0.614035)).
          Potential geometry or navigation problem !
          Trying pushing it of 1e-07 mm ...Potential overlap in geometry!

*** This is just a warning message. ***
-------- WWWW -------- G4Exception-END --------- WWWW -------


-------- WWWW ------- G4Exception-START -------- WWWW -------
*** G4Exception : GeomNav1002
      issued by : G4Navigator::ComputeStep()
Track stuck or not moving.
          Track stuck, not moving for 10 steps
          in volume -UpStructure- at point (-30.6613,-14.0687,3.35093) (local point (-30.6613,-14.0687,3.35093))
          direction: (-0.994172,0.094935,0.0510856) (local direction: (-0.994172,0.094935,0.0510856)).
          Potential geometry or navigation problem !
          Trying pushing it of 1e-07 mm ...Potential overlap in geometry!

*** This is just a warning message. ***
-------- WWWW -------- G4Exception-END --------- WWWW -------

EventID: 7000

-------- WWWW ------- G4Exception-START -------- WWWW -------
*** G4Exception : GeomNav1002
      issued by : G4Navigator::ComputeStep()
Track stuck or not moving.
          Track stuck, not moving for 10 steps
          in volume -UpStructure- at point (30.1737,-19.8966,4.54563) (local point (30.1737,-19.8966,4.54563))
          direction: (0.834214,0.546865,-0.0708874) (local direction: (0.834214,0.546865,-0.0708874)).
          Potential geometry or navigation problem !
          Trying pushing it of 1e-07 mm ...Potential overlap in geometry!

*** This is just a warning message. ***
-------- WWWW -------- G4Exception-END --------- WWWW -------


-------- WWWW ------- G4Exception-START -------- WWWW -------
*** G4Exception : GeomNav1002
      issued by : G4Navigator::ComputeStep()
Track stuck or not moving.
          Track stuck, not moving for 10 steps
          in volume -UpStructure- at point (-30.6614,10.064,3.79374) (local point (-30.6614,10.064,3.79374))
          direction: (0.927423,0.338649,-0.158753) (local direction: (0.927423,0.338649,-0.158753)).
          Potential geometry or navigation problem !
          Trying pushing it of 1e-07 mm ...Potential overlap in geometry!

*** This is just a warning message. ***
-------- WWWW -------- G4Exception-END --------- WWWW -------


-------- WWWW ------- G4Exception-START -------- WWWW -------
*** G4Exception : GeomNav1002
      issued by : G4Navigator::ComputeStep()
Track stuck or not moving.
          Track stuck, not moving for 10 steps
          in volume -UpStructure- at point (-15.1601,18.6503,1.93532) (local point (-15.1601,18.6503,1.93532))
          direction: (0.704585,0.709613,-0.00301038) (local direction: (0.704585,0.709613,-0.00301038)).
          Potential geometry or navigation problem !
          Trying pushing it of 1e-07 mm ...Potential overlap in geometry!

*** This is just a warning message. ***
-------- WWWW -------- G4Exception-END --------- WWWW -------


-------- WWWW ------- G4Exception-START -------- WWWW -------
*** G4Exception : GeomNav1002
      issued by : G4Navigator::ComputeStep()
Track stuck or not moving.
          Track stuck, not moving for 10 steps
          in volume -UpStructure- at point (-0.368073,33.5369,1.92815) (local point (-0.368073,33.5369,1.92815))
          direction: (0.70485,0.709356,-0.000341529) (local direction: (0.70485,0.709356,-0.000341529)).
          Potential geometry or navigation problem !
          Trying pushing it of 1e-07 mm ...Potential overlap in geometry!

*** This is just a warning message. ***
-------- WWWW -------- G4Exception-END --------- WWWW -------

EventID: 8000

-------- WWWW ------- G4Exception-START -------- WWWW -------
*** G4Exception : GeomNav1002
      issued by : G4Navigator::ComputeStep()
Track stuck or not moving.
          Track stuck, not moving for 10 steps
          in volume -UpStructure- at point (29.7872,-23.7515,4.52056) (local point (29.7872,-23.7515,4.52056))
          direction: (-0.166339,0.223372,-0.960436) (local direction: (-0.166339,0.223372,-0.960436)).
          Potential geometry or navigation problem !
          Trying pushing it of 1e-07 mm ...Potential overlap in geometry!

*** This is just a warning message. ***
-------- WWWW -------- G4Exception-END --------- WWWW -------


-------- WWWW ------- G4Exception-START -------- WWWW -------
*** G4Exception : GeomNav1002
      issued by : G4Navigator::ComputeStep()
Track stuck or not moving.
          Track stuck, not moving for 10 steps
          in volume -World- at point (29.3397,-23.1506,1.9368) (local point (29.3397,-23.1506,1.9368))
          direction: (-0.166339,0.223372,-0.960436) (local direction: (-0.166339,0.223372,-0.960436)).
          Potential geometry or navigation problem !
          Trying pushing it of 1e-07 mm ...Potential overlap in geometry!

*** This is just a warning message. ***
-------- WWWW -------- G4Exception-END --------- WWWW -------

EventID: 9000

-------- WWWW ------- G4Exception-START -------- WWWW -------
*** G4Exception : GeomNav1002
      issued by : G4Navigator::ComputeStep()
Track stuck or not moving.
          Track stuck, not moving for 10 steps
          in volume -UpStructure- at point (29.3396,7.02197,2.28197) (local point (29.3396,7.02197,2.28197))
          direction: (0.651745,-0.728634,-0.210528) (local direction: (0.651745,-0.728634,-0.210528)).
          Potential geometry or navigation problem !
          Trying pushing it of 1e-07 mm ...Potential overlap in geometry!

*** This is just a warning message. ***
-------- WWWW -------- G4Exception-END --------- WWWW -------


-------- WWWW ------- G4Exception-START -------- WWWW -------
*** G4Exception : GeomNav1002
      issued by : G4Navigator::ComputeStep()
Track stuck or not moving.
          Track stuck, not moving for 10 steps
          in volume -UpStructure- at point (16.5987,24.6114,103.425) (local point (16.5987,24.6114,103.425))
          direction: (0.624467,-0.741209,-0.246271) (local direction: (0.624467,-0.741209,-0.246271)).
          Potential geometry or navigation problem !
          Trying pushing it of 1e-07 mm ...Potential overlap in geometry!

*** This is just a warning message. ***
-------- WWWW -------- G4Exception-END --------- WWWW -------


-------- WWWW ------- G4Exception-START -------- WWWW -------
*** G4Exception : GeomNav1002
      issued by : G4Navigator::ComputeStep()
Track stuck or not moving.
          Track stuck, not moving for 10 steps
          in volume -World- at point (16.4294,24.8748,103.426) (local point (16.4294,24.8748,103.426))
          direction: (-0.251262,0.837634,-0.485013) (local direction: (-0.251262,0.837634,-0.485013)).
          Potential geometry or navigation problem !
          Trying pushing it of 1e-07 mm ...Potential overlap in geometry!

*** This is just a warning message. ***
-------- WWWW -------- G4Exception-END --------- WWWW -------

 Run terminated.
Run Summary
  Number of events processed : 10000
  User=0.52s Real=0.73s Sys=0.01s
End of Run 0
Graphics systems deleted.
Visualization Manager deleting...
G4 kernel has come to Quit state.
================== Deleting memory pools ===================
Number of memory pools allocated: 15; of which, static: 0
Dynamic pools deleted: 15 / Total memory freed: 0.054 MB
============================================================
RunManagerKernel is deleted. Good bye :)
